<?xml version="1.0" encoding="UTF-8"?>
<definitions xmlns="http://www.omg.org/spec/BPMN/20100524/MODEL" xmlns:xsi="http://www.w3.org/2001/XMLSchema-instance" xmlns:xsd="http://www.w3.org/2001/XMLSchema" xmlns:flowable="http://flowable.org/bpmn" xmlns:bpmndi="http://www.omg.org/spec/BPMN/20100524/DI" xmlns:omgdc="http://www.omg.org/spec/DD/20100524/DC" xmlns:omgdi="http://www.omg.org/spec/DD/20100524/DI" typeLanguage="http://www.w3.org/2001/XMLSchema" expressionLanguage="http://www.w3.org/1999/XPath" targetNamespace="http://www.flowable.org/processdef" exporter="Flowable Open Source Modeler" exporterVersion="6.7.2">
  <process id="test-01" name="test-01" isExecutable="true">
    <documentation>test-01</documentation>
    <startEvent id="startEvent1" flowable:formKey="form-bx" flowable:formFieldValidation="true"></startEvent>
    <userTask id="sid-22E50DFB-8191-41B4-8A23-E086ACAAFB21" name="财务专员审批" flowable:formFieldValidation="true"></userTask>
    <sequenceFlow id="sid-C2002834-7066-4560-BB32-E7B89BEDE916" sourceRef="startEvent1" targetRef="sid-22E50DFB-8191-41B4-8A23-E086ACAAFB21"></sequenceFlow>
    <exclusiveGateway id="sid-9DD7AF00-2656-4EF6-9C1F-E2171CE0E8B3"></exclusiveGateway>
    <sequenceFlow id="sid-73ACC66B-5C0B-431E-8988-B067EB7518FF" sourceRef="sid-22E50DFB-8191-41B4-8A23-E086ACAAFB21" targetRef="sid-9DD7AF00-2656-4EF6-9C1F-E2171CE0E8B3"></sequenceFlow>
    <userTask id="sid-837E1238-F098-451A-B2E0-73A5B39D5913" name="财务经理审批" flowable:formFieldValidation="true"></userTask>
    <sequenceFlow id="sid-1C23CA30-3116-4D1A-B46C-6D6D8782B859" sourceRef="sid-9DD7AF00-2656-4EF6-9C1F-E2171CE0E8B3" targetRef="sid-837E1238-F098-451A-B2E0-73A5B39D5913"></sequenceFlow>
    <endEvent id="sid-28FD49C9-FC69-4B31-AC5A-2D8F7F12CBAF"></endEvent>
    <sequenceFlow id="sid-691DE725-AF24-4977-8E47-E273868BA946" sourceRef="sid-9DD7AF00-2656-4EF6-9C1F-E2171CE0E8B3" targetRef="sid-28FD49C9-FC69-4B31-AC5A-2D8F7F12CBAF"></sequenceFlow>
  </process>
  <bpmndi:BPMNDiagram id="BPMNDiagram_test-01">
    <bpmndi:BPMNPlane bpmnElement="test-01" id="BPMNPlane_test-01">
      <bpmndi:BPMNShape bpmnElement="startEvent1" id="BPMNShape_startEvent1">
        <omgdc:Bounds height="30.0" width="30.0" x="100.0" y="163.0"></omgdc:Bounds>
      </bpmndi:BPMNShape>
      <bpmndi:BPMNShape bpmnElement="sid-22E50DFB-8191-41B4-8A23-E086ACAAFB21" id="BPMNShape_sid-22E50DFB-8191-41B4-8A23-E086ACAAFB21">
        <omgdc:Bounds height="80.0" width="100.0" x="175.0" y="138.0"></omgdc:Bounds>
      </bpmndi:BPMNShape>
      <bpmndi:BPMNShape bpmnElement="sid-9DD7AF00-2656-4EF6-9C1F-E2171CE0E8B3" id="BPMNShape_sid-9DD7AF00-2656-4EF6-9C1F-E2171CE0E8B3">
        <omgdc:Bounds height="40.0" width="40.0" x="320.0" y="158.0"></omgdc:Bounds>
      </bpmndi:BPMNShape>
      <bpmndi:BPMNShape bpmnElement="sid-837E1238-F098-451A-B2E0-73A5B39D5913" id="BPMNShape_sid-837E1238-F098-451A-B2E0-73A5B39D5913">
        <omgdc:Bounds height="80.0" width="100.0" x="420.0" y="15.0"></omgdc:Bounds>
      </bpmndi:BPMNShape>
      <bpmndi:BPMNShape bpmnElement="sid-28FD49C9-FC69-4B31-AC5A-2D8F7F12CBAF" id="BPMNShape_sid-28FD49C9-FC69-4B31-AC5A-2D8F7F12CBAF">
        <omgdc:Bounds height="28.0" width="28.0" x="456.0" y="255.0"></omgdc:Bounds>
      </bpmndi:BPMNShape>
      <bpmndi:BPMNEdge bpmnElement="sid-C2002834-7066-4560-BB32-E7B89BEDE916" id="BPMNEdge_sid-C2002834-7066-4560-BB32-E7B89BEDE916" flowable:sourceDockerX="15.0" flowable:sourceDockerY="15.0" flowable:targetDockerX="50.0" flowable:targetDockerY="40.0">
        <omgdi:waypoint x="129.9499984899576" y="178.0"></omgdi:waypoint>
        <omgdi:waypoint x="174.9999999999917" y="178.0"></omgdi:waypoint>
      </bpmndi:BPMNEdge>
      <bpmndi:BPMNEdge bpmnElement="sid-691DE725-AF24-4977-8E47-E273868BA946" id="BPMNEdge_sid-691DE725-AF24-4977-8E47-E273868BA946" flowable:sourceDockerX="20.5" flowable:sourceDockerY="20.5" flowable:targetDockerX="14.0" flowable:targetDockerY="14.0">
        <omgdi:waypoint x="340.5" y="197.43954194260488"></omgdi:waypoint>
        <omgdi:waypoint x="340.5" y="269.0"></omgdi:waypoint>
        <omgdi:waypoint x="456.0" y="269.0"></omgdi:waypoint>
      </bpmndi:BPMNEdge>
      <bpmndi:BPMNEdge bpmnElement="sid-1C23CA30-3116-4D1A-B46C-6D6D8782B859" id="BPMNEdge_sid-1C23CA30-3116-4D1A-B46C-6D6D8782B859" flowable:sourceDockerX="20.5" flowable:sourceDockerY="20.5" flowable:targetDockerX="50.0" flowable:targetDockerY="40.0">
        <omgdi:waypoint x="340.5" y="158.5"></omgdi:waypoint>
        <omgdi:waypoint x="340.5" y="55.0"></omgdi:waypoint>
        <omgdi:waypoint x="420.0" y="55.0"></omgdi:waypoint>
      </bpmndi:BPMNEdge>
      <bpmndi:BPMNEdge bpmnElement="sid-73ACC66B-5C0B-431E-8988-B067EB7518FF" id="BPMNEdge_sid-73ACC66B-5C0B-431E-8988-B067EB7518FF" flowable:sourceDockerX="50.0" flowable:sourceDockerY="40.0" flowable:targetDockerX="20.5" flowable:targetDockerY="20.5">
        <omgdi:waypoint x="274.94999999999806" y="178.21623376623378"></omgdi:waypoint>
        <omgdi:waypoint x="320.4130434782609" y="178.4130434782609"></omgdi:waypoint>
      </bpmndi:BPMNEdge>
    </bpmndi:BPMNPlane>
  </bpmndi:BPMNDiagram>
</definitions>